[debug] [2021-04-11T17:18:19.403Z] ----------------------------------------------------------------------
[debug] [2021-04-11T17:18:19.415Z] Command:       C:\Program Files\nodejs\node.exe C:\Users\HP\AppData\Roaming\npm\node_modules\firebase-tools\lib\bin\firebase.js emulators:start
[debug] [2021-04-11T17:18:19.416Z] CLI Version:   9.6.1
[debug] [2021-04-11T17:18:19.416Z] Platform:      win32
[debug] [2021-04-11T17:18:19.416Z] Node Version:  v12.18.4
[debug] [2021-04-11T17:18:19.440Z] Time:          Sun Apr 11 2021 22:48:19 GMT+0530 (India Standard Time)
[debug] [2021-04-11T17:18:19.441Z] ----------------------------------------------------------------------
[debug] [2021-04-11T17:18:19.441Z] 
[debug] [2021-04-11T17:18:19.517Z] > command requires scopes: ["email","openid","https://www.googleapis.com/auth/cloudplatformprojects.readonly","https://www.googleapis.com/auth/firebase","https://www.googleapis.com/auth/cloud-platform"]
[debug] [2021-04-11T17:18:19.519Z] > authorizing via signed-in user
[info] i  emulators: Starting emulators: functions, hosting {"metadata":{"emulator":{"name":"hub"},"message":"Starting emulators: functions, hosting"}}
[debug] [2021-04-11T17:18:21.639Z] [hub] writing locator at C:\Users\HP\AppData\Local\Temp\hub-clone-4ed77.json
[warn] !  functions: The following emulators are not running, calls to these services from the Functions emulator will affect production: auth, firestore, database, pubsub {"metadata":{"emulator":{"name":"functions"},"message":"The following emulators are not running, calls to these services from the Functions emulator will affect production: \u001b[1mauth, firestore, database, pubsub\u001b[22m"}}
[info] +  functions: Using node@12 from host. {"metadata":{"emulator":{"name":"functions"},"message":"Using node@12 from host."}}
[debug] [2021-04-11T17:18:23.980Z] defaultcredentials: writing to file C:\Users\HP\AppData\Roaming\firebase\divyanshagrawal123_gmail_com_application_default_credentials.json
[debug] [2021-04-11T17:18:24.026Z] Setting GAC to C:\Users\HP\AppData\Roaming\firebase\divyanshagrawal123_gmail_com_application_default_credentials.json {"metadata":{"emulator":{"name":"functions"},"message":"Setting GAC to C:\\Users\\HP\\AppData\\Roaming\\firebase\\divyanshagrawal123_gmail_com_application_default_credentials.json"}}
[debug] [2021-04-11T17:18:24.031Z] > refreshing access token with scopes: []
[debug] [2021-04-11T17:18:24.032Z] >>> HTTP REQUEST POST https://www.googleapis.com/oauth2/v3/token  
 <request body omitted>
[debug] [2021-04-11T17:18:24.438Z] <<< HTTP RESPONSE 200 {"pragma":"no-cache","cache-control":"no-cache, no-store, max-age=0, must-revalidate","expires":"Mon, 01 Jan 1990 00:00:00 GMT","date":"Sun, 11 Apr 2021 17:21:13 GMT","content-type":"application/json; charset=utf-8","vary":"X-Origin, Referer, Origin,Accept-Encoding","server":"scaffolding on HTTPServer2","x-xss-protection":"0","x-frame-options":"SAMEORIGIN","x-content-type-options":"nosniff","alt-svc":"h3-29=\":443\"; ma=2592000,h3-T051=\":443\"; ma=2592000,h3-Q050=\":443\"; ma=2592000,h3-Q046=\":443\"; ma=2592000,h3-Q043=\":443\"; ma=2592000,quic=\":443\"; ma=2592000; v=\"46,43\"","accept-ranges":"none","transfer-encoding":"chunked"}
[debug] [2021-04-11T17:18:24.524Z] >>> [apiv2][query] GET https://firebase.googleapis.com/v1beta1/projects/clone-4ed77/adminSdkConfig [none]
[debug] [2021-04-11T17:18:25.351Z] <<< [apiv2][status] GET https://firebase.googleapis.com/v1beta1/projects/clone-4ed77/adminSdkConfig 200
[debug] [2021-04-11T17:18:25.351Z] <<< [apiv2][body] GET https://firebase.googleapis.com/v1beta1/projects/clone-4ed77/adminSdkConfig {"projectId":"clone-4ed77","storageBucket":"clone-4ed77.appspot.com","locationId":"asia-northeast1"}
[debug] [2021-04-11T17:18:27.409Z] >>> [apiv2][query] GET https://firebase.googleapis.com/v1beta1/projects/clone-4ed77/webApps/-/config [none]
[debug] [2021-04-11T17:18:28.962Z] <<< [apiv2][status] GET https://firebase.googleapis.com/v1beta1/projects/clone-4ed77/webApps/-/config 200
[debug] [2021-04-11T17:18:28.963Z] <<< [apiv2][body] GET https://firebase.googleapis.com/v1beta1/projects/clone-4ed77/webApps/-/config {"projectId":"clone-4ed77","appId":"1:1053049048677:web:a0801cfccf979fff2a808c","storageBucket":"clone-4ed77.appspot.com","locationId":"asia-northeast1","apiKey":"AIzaSyBol5SuXtcWyuzAmlJS0Q5KdvcBKPeMjm4","authDomain":"clone-4ed77.firebaseapp.com","messagingSenderId":"1053049048677","measurementId":"G-RH4YQ4BQW4"}
[info] i  hosting: Serving hosting files from: build {"metadata":{"emulator":{"name":"hosting"},"message":"Serving hosting files from: \u001b[1mbuild\u001b[22m"}}
[info] +  hosting: Local server: http://localhost:5000 {"metadata":{"emulator":{"name":"hosting"},"message":"Local server: \u001b[4m\u001b[1mhttp://localhost:5000\u001b[22m\u001b[24m"}}
[debug] [2021-04-11T17:18:33.239Z] Ignoring unsupported arg: auto_download {"metadata":{"emulator":{"name":"ui"},"message":"Ignoring unsupported arg: auto_download"}}
[debug] [2021-04-11T17:18:33.239Z] Ignoring unsupported arg: port {"metadata":{"emulator":{"name":"ui"},"message":"Ignoring unsupported arg: port"}}
[debug] [2021-04-11T17:18:33.239Z] Starting Emulator UI with command {"binary":"node","args":["C:\\Users\\HP\\.cache\\firebase\\emulators\\ui-v1.4.2\\server.bundle.js"],"optionalArgs":[],"joinArgs":false} {"metadata":{"emulator":{"name":"ui"},"message":"Starting Emulator UI with command {\"binary\":\"node\",\"args\":[\"C:\\\\Users\\\\HP\\\\.cache\\\\firebase\\\\emulators\\\\ui-v1.4.2\\\\server.bundle.js\"],\"optionalArgs\":[],\"joinArgs\":false}"}}
[info] i  ui: Emulator UI logging to ui-debug.log {"metadata":{"emulator":{"name":"ui"},"message":"Emulator UI logging to \u001b[1mui-debug.log\u001b[22m"}}
[debug] [2021-04-11T17:18:33.621Z] Web / API server started at http://localhost:4000
 {"metadata":{"emulator":{"name":"ui"},"message":"Web / API server started at http://localhost:4000\n"}}
[info] i  functions: Watching "G:\placement course\cn\cn web\react\amazon-clone\functions" for Cloud Functions... {"metadata":{"emulator":{"name":"functions"},"message":"Watching \"G:\\placement course\\cn\\cn web\\react\\amazon-clone\\functions\" for Cloud Functions..."}}
[debug] [2021-04-11T17:18:33.888Z] [worker-pool] addWorker(~diagnostic~) {"metadata":{"emulator":{"name":"functions"},"message":"[worker-pool] addWorker(~diagnostic~)"}}
[debug] [2021-04-11T17:18:33.889Z] [worker-pool] Adding worker with key ~diagnostic~, total=1 {"metadata":{"emulator":{"name":"functions"},"message":"[worker-pool] Adding worker with key ~diagnostic~, total=1"}}
[debug] [2021-04-11T17:18:33.890Z] [worker-pool] submitWork(triggerId=) {"metadata":{"emulator":{"name":"functions"},"message":"[worker-pool] submitWork(triggerId=)"}}
[debug] [2021-04-11T17:18:33.891Z] [worker-~diagnostic~-25425c3d-af85-451b-b801-fb17f3c05913]: Assigning socketPath: \\?\pipe\G:\placement course\cn\cn web\react\amazon-clone\functions\38136 {"metadata":{"emulator":{"name":"functions"},"message":"[worker-~diagnostic~-25425c3d-af85-451b-b801-fb17f3c05913]: Assigning socketPath: \\\\?\\pipe\\G:\\placement course\\cn\\cn web\\react\\amazon-clone\\functions\\38136"}}
[debug] [2021-04-11T17:18:33.892Z] [worker-~diagnostic~-25425c3d-af85-451b-b801-fb17f3c05913]: BUSY {"metadata":{"emulator":{"name":"functions"},"message":"[worker-~diagnostic~-25425c3d-af85-451b-b801-fb17f3c05913]: BUSY"}}
[debug] [2021-04-11T17:18:34.475Z] [runtime-status] [38136] Functions runtime initialized. {"cwd":"G:\\placement course\\cn\\cn web\\react\\amazon-clone\\functions","node_version":"12.18.4"} {"metadata":{"emulator":{"name":"functions"},"message":"[runtime-status] [38136] Functions runtime initialized. {\"cwd\":\"G:\\\\placement course\\\\cn\\\\cn web\\\\react\\\\amazon-clone\\\\functions\",\"node_version\":\"12.18.4\"}"}}
[debug] [2021-04-11T17:18:34.476Z] [runtime-status] [38136] Disabled runtime features: undefined {"metadata":{"emulator":{"name":"functions"},"message":"[runtime-status] [38136] Disabled runtime features: undefined"}}
[debug] [2021-04-11T17:18:34.503Z] [runtime-status] [38136] Resolved module firebase-admin {"declared":true,"installed":true,"version":"9.6.0","resolution":"G:\\placement course\\cn\\cn web\\react\\amazon-clone\\functions\\node_modules\\firebase-admin\\lib\\index.js"} {"metadata":{"emulator":{"name":"functions"},"message":"[runtime-status] [38136] Resolved module firebase-admin {\"declared\":true,\"installed\":true,\"version\":\"9.6.0\",\"resolution\":\"G:\\\\placement course\\\\cn\\\\cn web\\\\react\\\\amazon-clone\\\\functions\\\\node_modules\\\\firebase-admin\\\\lib\\\\index.js\"}"}}
[debug] [2021-04-11T17:18:34.518Z] [runtime-status] [38136] Resolved module firebase-functions {"declared":true,"installed":true,"version":"3.13.2","resolution":"G:\\placement course\\cn\\cn web\\react\\amazon-clone\\functions\\node_modules\\firebase-functions\\lib\\index.js"} {"metadata":{"emulator":{"name":"functions"},"message":"[runtime-status] [38136] Resolved module firebase-functions {\"declared\":true,\"installed\":true,\"version\":\"3.13.2\",\"resolution\":\"G:\\\\placement course\\\\cn\\\\cn web\\\\react\\\\amazon-clone\\\\functions\\\\node_modules\\\\firebase-functions\\\\lib\\\\index.js\"}"}}
[debug] [2021-04-11T17:18:34.520Z] [runtime-status] [38136] Resolved module firebase-functions {"declared":true,"installed":true,"version":"3.13.2","resolution":"G:\\placement course\\cn\\cn web\\react\\amazon-clone\\functions\\node_modules\\firebase-functions\\lib\\index.js"} {"metadata":{"emulator":{"name":"functions"},"message":"[runtime-status] [38136] Resolved module firebase-functions {\"declared\":true,\"installed\":true,\"version\":\"3.13.2\",\"resolution\":\"G:\\\\placement course\\\\cn\\\\cn web\\\\react\\\\amazon-clone\\\\functions\\\\node_modules\\\\firebase-functions\\\\lib\\\\index.js\"}"}}
[debug] [2021-04-11T17:18:34.524Z] [runtime-status] [38136] Outgoing network have been stubbed. [{"name":"http","status":"mocked"},{"name":"http","status":"mocked"},{"name":"https","status":"mocked"},{"name":"https","status":"mocked"},{"name":"net","status":"mocked"}] {"metadata":{"emulator":{"name":"functions"},"message":"[runtime-status] [38136] Outgoing network have been stubbed. [{\"name\":\"http\",\"status\":\"mocked\"},{\"name\":\"http\",\"status\":\"mocked\"},{\"name\":\"https\",\"status\":\"mocked\"},{\"name\":\"https\",\"status\":\"mocked\"},{\"name\":\"net\",\"status\":\"mocked\"}]"}}
[debug] [2021-04-11T17:18:34.525Z] [runtime-status] [38136] Resolved module firebase-functions {"declared":true,"installed":true,"version":"3.13.2","resolution":"G:\\placement course\\cn\\cn web\\react\\amazon-clone\\functions\\node_modules\\firebase-functions\\lib\\index.js"} {"metadata":{"emulator":{"name":"functions"},"message":"[runtime-status] [38136] Resolved module firebase-functions {\"declared\":true,\"installed\":true,\"version\":\"3.13.2\",\"resolution\":\"G:\\\\placement course\\\\cn\\\\cn web\\\\react\\\\amazon-clone\\\\functions\\\\node_modules\\\\firebase-functions\\\\lib\\\\index.js\"}"}}
[debug] [2021-04-11T17:18:35.468Z] [runtime-status] [38136] Checked functions.config() {"config":{}} {"metadata":{"emulator":{"name":"functions"},"message":"[runtime-status] [38136] Checked functions.config() {\"config\":{}}"}}
[debug] [2021-04-11T17:18:35.469Z] [runtime-status] [38136] firebase-functions has been stubbed. {"functionsResolution":{"declared":true,"installed":true,"version":"3.13.2","resolution":"G:\\placement course\\cn\\cn web\\react\\amazon-clone\\functions\\node_modules\\firebase-functions\\lib\\index.js"}} {"metadata":{"emulator":{"name":"functions"},"message":"[runtime-status] [38136] firebase-functions has been stubbed. {\"functionsResolution\":{\"declared\":true,\"installed\":true,\"version\":\"3.13.2\",\"resolution\":\"G:\\\\placement course\\\\cn\\\\cn web\\\\react\\\\amazon-clone\\\\functions\\\\node_modules\\\\firebase-functions\\\\lib\\\\index.js\"}}"}}
[debug] [2021-04-11T17:18:35.470Z] [runtime-status] [38136] Resolved module firebase-functions {"declared":true,"installed":true,"version":"3.13.2","resolution":"G:\\placement course\\cn\\cn web\\react\\amazon-clone\\functions\\node_modules\\firebase-functions\\lib\\index.js"} {"metadata":{"emulator":{"name":"functions"},"message":"[runtime-status] [38136] Resolved module firebase-functions {\"declared\":true,\"installed\":true,\"version\":\"3.13.2\",\"resolution\":\"G:\\\\placement course\\\\cn\\\\cn web\\\\react\\\\amazon-clone\\\\functions\\\\node_modules\\\\firebase-functions\\\\lib\\\\index.js\"}"}}
[debug] [2021-04-11T17:18:35.473Z] [runtime-status] [38136] Resolved module firebase-admin {"declared":true,"installed":true,"version":"9.6.0","resolution":"G:\\placement course\\cn\\cn web\\react\\amazon-clone\\functions\\node_modules\\firebase-admin\\lib\\index.js"} {"metadata":{"emulator":{"name":"functions"},"message":"[runtime-status] [38136] Resolved module firebase-admin {\"declared\":true,\"installed\":true,\"version\":\"9.6.0\",\"resolution\":\"G:\\\\placement course\\\\cn\\\\cn web\\\\react\\\\amazon-clone\\\\functions\\\\node_modules\\\\firebase-admin\\\\lib\\\\index.js\"}"}}
[debug] [2021-04-11T17:18:35.474Z] [runtime-status] [38136] Resolved module firebase-functions {"declared":true,"installed":true,"version":"3.13.2","resolution":"G:\\placement course\\cn\\cn web\\react\\amazon-clone\\functions\\node_modules\\firebase-functions\\lib\\index.js"} {"metadata":{"emulator":{"name":"functions"},"message":"[runtime-status] [38136] Resolved module firebase-functions {\"declared\":true,\"installed\":true,\"version\":\"3.13.2\",\"resolution\":\"G:\\\\placement course\\\\cn\\\\cn web\\\\react\\\\amazon-clone\\\\functions\\\\node_modules\\\\firebase-functions\\\\lib\\\\index.js\"}"}}
[debug] [2021-04-11T17:18:35.475Z] [runtime-status] [38136] firebase-admin has been stubbed. {"adminResolution":{"declared":true,"installed":true,"version":"9.6.0","resolution":"G:\\placement course\\cn\\cn web\\react\\amazon-clone\\functions\\node_modules\\firebase-admin\\lib\\index.js"}} {"metadata":{"emulator":{"name":"functions"},"message":"[runtime-status] [38136] firebase-admin has been stubbed. {\"adminResolution\":{\"declared\":true,\"installed\":true,\"version\":\"9.6.0\",\"resolution\":\"G:\\\\placement course\\\\cn\\\\cn web\\\\react\\\\amazon-clone\\\\functions\\\\node_modules\\\\firebase-admin\\\\lib\\\\index.js\"}}"}}
[info] +  functions[api]: http function initialized (http://localhost:5001/clone-4ed77/us-central1/api). {"metadata":{"emulator":{"name":"functions"},"message":"\u001b[1mhttp\u001b[22m function initialized (http://localhost:5001/clone-4ed77/us-central1/api)."}}
[info] 
┌─────────────────────────────────────────────────────────────┐
│ ✔  All emulators ready! It is now safe to connect your app. │
│ i  View Emulator UI at http://localhost:4000                │
└─────────────────────────────────────────────────────────────┘

┌───────────┬────────────────┬─────────────────────────────────┐
│ Emulator  │ Host:Port      │ View in Emulator UI             │
├───────────┼────────────────┼─────────────────────────────────┤
│ Functions │ localhost:5001 │ http://localhost:4000/functions │
├───────────┼────────────────┼─────────────────────────────────┤
│ Hosting   │ localhost:5000 │ n/a                             │
└───────────┴────────────────┴─────────────────────────────────┘
  Emulator Hub running at localhost:4400
  Other reserved ports: 4500

Issues? Report them at https://github.com/firebase/firebase-tools/issues and attach the *-debug.log files.
 
[debug] [2021-04-11T17:18:38.629Z] [worker-~diagnostic~-25425c3d-af85-451b-b801-fb17f3c05913]: IDLE {"metadata":{"emulator":{"name":"functions"},"message":"[worker-~diagnostic~-25425c3d-af85-451b-b801-fb17f3c05913]: IDLE"}}
[debug] [2021-04-11T17:20:27.885Z] [work-queue] {"queueLength":1,"workRunningCount":0}
[debug] [2021-04-11T17:20:27.886Z] [work-queue] {"queueLength":0,"workRunningCount":1}
[debug] [2021-04-11T17:20:27.887Z] Accepted request POST /clone-4ed77/us-central1/api/payments/create?total=119500 --> api
[debug] [2021-04-11T17:20:27.896Z] [worker-pool] addWorker(api) {"metadata":{"emulator":{"name":"functions"},"message":"[worker-pool] addWorker(api)"}}
[debug] [2021-04-11T17:20:27.896Z] [worker-pool] Adding worker with key api, total=1 {"metadata":{"emulator":{"name":"functions"},"message":"[worker-pool] Adding worker with key api, total=1"}}
[debug] [2021-04-11T17:20:27.897Z] [worker-pool] submitWork(triggerId=api) {"metadata":{"emulator":{"name":"functions"},"message":"[worker-pool] submitWork(triggerId=api)"}}
[debug] [2021-04-11T17:20:27.897Z] [worker-api-041acfa5-903f-4ddc-8e33-f01f81af85bc]: Assigning socketPath: \\?\pipe\G:\placement course\cn\cn web\react\amazon-clone\functions\34188 {"metadata":{"emulator":{"name":"functions"},"message":"[worker-api-041acfa5-903f-4ddc-8e33-f01f81af85bc]: Assigning socketPath: \\\\?\\pipe\\G:\\placement course\\cn\\cn web\\react\\amazon-clone\\functions\\34188"}}
[debug] [2021-04-11T17:20:27.898Z] [worker-api-041acfa5-903f-4ddc-8e33-f01f81af85bc]: BUSY {"metadata":{"emulator":{"name":"functions"},"message":"[worker-api-041acfa5-903f-4ddc-8e33-f01f81af85bc]: BUSY"}}
[debug] [2021-04-11T17:20:28.338Z] [runtime-status] [34188] Functions runtime initialized. {"cwd":"G:\\placement course\\cn\\cn web\\react\\amazon-clone\\functions","node_version":"12.18.4"} {"metadata":{"emulator":{"name":"functions"},"function":{"name":"api"},"message":"[runtime-status] [34188] Functions runtime initialized. {\"cwd\":\"G:\\\\placement course\\\\cn\\\\cn web\\\\react\\\\amazon-clone\\\\functions\",\"node_version\":\"12.18.4\"}"}}
[debug] [2021-04-11T17:20:28.342Z] [runtime-status] [34188] Disabled runtime features: undefined {"metadata":{"emulator":{"name":"functions"},"function":{"name":"api"},"message":"[runtime-status] [34188] Disabled runtime features: undefined"}}
[debug] [2021-04-11T17:20:28.349Z] [runtime-status] [34188] Resolved module firebase-admin {"declared":true,"installed":true,"version":"9.6.0","resolution":"G:\\placement course\\cn\\cn web\\react\\amazon-clone\\functions\\node_modules\\firebase-admin\\lib\\index.js"} {"metadata":{"emulator":{"name":"functions"},"function":{"name":"api"},"message":"[runtime-status] [34188] Resolved module firebase-admin {\"declared\":true,\"installed\":true,\"version\":\"9.6.0\",\"resolution\":\"G:\\\\placement course\\\\cn\\\\cn web\\\\react\\\\amazon-clone\\\\functions\\\\node_modules\\\\firebase-admin\\\\lib\\\\index.js\"}"}}
[debug] [2021-04-11T17:20:28.353Z] [runtime-status] [34188] Resolved module firebase-functions {"declared":true,"installed":true,"version":"3.13.2","resolution":"G:\\placement course\\cn\\cn web\\react\\amazon-clone\\functions\\node_modules\\firebase-functions\\lib\\index.js"} {"metadata":{"emulator":{"name":"functions"},"function":{"name":"api"},"message":"[runtime-status] [34188] Resolved module firebase-functions {\"declared\":true,\"installed\":true,\"version\":\"3.13.2\",\"resolution\":\"G:\\\\placement course\\\\cn\\\\cn web\\\\react\\\\amazon-clone\\\\functions\\\\node_modules\\\\firebase-functions\\\\lib\\\\index.js\"}"}}
[debug] [2021-04-11T17:20:28.355Z] [runtime-status] [34188] Resolved module firebase-functions {"declared":true,"installed":true,"version":"3.13.2","resolution":"G:\\placement course\\cn\\cn web\\react\\amazon-clone\\functions\\node_modules\\firebase-functions\\lib\\index.js"} {"metadata":{"emulator":{"name":"functions"},"function":{"name":"api"},"message":"[runtime-status] [34188] Resolved module firebase-functions {\"declared\":true,\"installed\":true,\"version\":\"3.13.2\",\"resolution\":\"G:\\\\placement course\\\\cn\\\\cn web\\\\react\\\\amazon-clone\\\\functions\\\\node_modules\\\\firebase-functions\\\\lib\\\\index.js\"}"}}
[debug] [2021-04-11T17:20:28.359Z] [runtime-status] [34188] Outgoing network have been stubbed. [{"name":"http","status":"mocked"},{"name":"http","status":"mocked"},{"name":"https","status":"mocked"},{"name":"https","status":"mocked"},{"name":"net","status":"mocked"}] {"metadata":{"emulator":{"name":"functions"},"function":{"name":"api"},"message":"[runtime-status] [34188] Outgoing network have been stubbed. [{\"name\":\"http\",\"status\":\"mocked\"},{\"name\":\"http\",\"status\":\"mocked\"},{\"name\":\"https\",\"status\":\"mocked\"},{\"name\":\"https\",\"status\":\"mocked\"},{\"name\":\"net\",\"status\":\"mocked\"}]"}}
[debug] [2021-04-11T17:20:28.361Z] [runtime-status] [34188] Resolved module firebase-functions {"declared":true,"installed":true,"version":"3.13.2","resolution":"G:\\placement course\\cn\\cn web\\react\\amazon-clone\\functions\\node_modules\\firebase-functions\\lib\\index.js"} {"metadata":{"emulator":{"name":"functions"},"function":{"name":"api"},"message":"[runtime-status] [34188] Resolved module firebase-functions {\"declared\":true,\"installed\":true,\"version\":\"3.13.2\",\"resolution\":\"G:\\\\placement course\\\\cn\\\\cn web\\\\react\\\\amazon-clone\\\\functions\\\\node_modules\\\\firebase-functions\\\\lib\\\\index.js\"}"}}
[debug] [2021-04-11T17:20:28.477Z] [runtime-status] [34188] Checked functions.config() {"config":{}} {"metadata":{"emulator":{"name":"functions"},"function":{"name":"api"},"message":"[runtime-status] [34188] Checked functions.config() {\"config\":{}}"}}
[debug] [2021-04-11T17:20:28.478Z] [runtime-status] [34188] firebase-functions has been stubbed. {"functionsResolution":{"declared":true,"installed":true,"version":"3.13.2","resolution":"G:\\placement course\\cn\\cn web\\react\\amazon-clone\\functions\\node_modules\\firebase-functions\\lib\\index.js"}} {"metadata":{"emulator":{"name":"functions"},"function":{"name":"api"},"message":"[runtime-status] [34188] firebase-functions has been stubbed. {\"functionsResolution\":{\"declared\":true,\"installed\":true,\"version\":\"3.13.2\",\"resolution\":\"G:\\\\placement course\\\\cn\\\\cn web\\\\react\\\\amazon-clone\\\\functions\\\\node_modules\\\\firebase-functions\\\\lib\\\\index.js\"}}"}}
[debug] [2021-04-11T17:20:28.479Z] [runtime-status] [34188] Resolved module firebase-functions {"declared":true,"installed":true,"version":"3.13.2","resolution":"G:\\placement course\\cn\\cn web\\react\\amazon-clone\\functions\\node_modules\\firebase-functions\\lib\\index.js"} {"metadata":{"emulator":{"name":"functions"},"function":{"name":"api"},"message":"[runtime-status] [34188] Resolved module firebase-functions {\"declared\":true,\"installed\":true,\"version\":\"3.13.2\",\"resolution\":\"G:\\\\placement course\\\\cn\\\\cn web\\\\react\\\\amazon-clone\\\\functions\\\\node_modules\\\\firebase-functions\\\\lib\\\\index.js\"}"}}
[debug] [2021-04-11T17:20:28.482Z] [runtime-status] [34188] Resolved module firebase-admin {"declared":true,"installed":true,"version":"9.6.0","resolution":"G:\\placement course\\cn\\cn web\\react\\amazon-clone\\functions\\node_modules\\firebase-admin\\lib\\index.js"} {"metadata":{"emulator":{"name":"functions"},"function":{"name":"api"},"message":"[runtime-status] [34188] Resolved module firebase-admin {\"declared\":true,\"installed\":true,\"version\":\"9.6.0\",\"resolution\":\"G:\\\\placement course\\\\cn\\\\cn web\\\\react\\\\amazon-clone\\\\functions\\\\node_modules\\\\firebase-admin\\\\lib\\\\index.js\"}"}}
[debug] [2021-04-11T17:20:28.485Z] [runtime-status] [34188] Resolved module firebase-functions {"declared":true,"installed":true,"version":"3.13.2","resolution":"G:\\placement course\\cn\\cn web\\react\\amazon-clone\\functions\\node_modules\\firebase-functions\\lib\\index.js"} {"metadata":{"emulator":{"name":"functions"},"function":{"name":"api"},"message":"[runtime-status] [34188] Resolved module firebase-functions {\"declared\":true,\"installed\":true,\"version\":\"3.13.2\",\"resolution\":\"G:\\\\placement course\\\\cn\\\\cn web\\\\react\\\\amazon-clone\\\\functions\\\\node_modules\\\\firebase-functions\\\\lib\\\\index.js\"}"}}
[debug] [2021-04-11T17:20:28.486Z] [runtime-status] [34188] firebase-admin has been stubbed. {"adminResolution":{"declared":true,"installed":true,"version":"9.6.0","resolution":"G:\\placement course\\cn\\cn web\\react\\amazon-clone\\functions\\node_modules\\firebase-admin\\lib\\index.js"}} {"metadata":{"emulator":{"name":"functions"},"function":{"name":"api"},"message":"[runtime-status] [34188] firebase-admin has been stubbed. {\"adminResolution\":{\"declared\":true,\"installed\":true,\"version\":\"9.6.0\",\"resolution\":\"G:\\\\placement course\\\\cn\\\\cn web\\\\react\\\\amazon-clone\\\\functions\\\\node_modules\\\\firebase-admin\\\\lib\\\\index.js\"}}"}}
[debug] [2021-04-11T17:20:28.821Z] [runtime-status] [34188] Trigger "api" has been found, beginning invocation! {"metadata":{"emulator":{"name":"functions"},"function":{"name":"api"},"message":"[runtime-status] [34188] Trigger \"api\" has been found, beginning invocation!"}}
[info] i  functions: Beginning execution of "api" {"metadata":{"emulator":{"name":"functions"},"function":{"name":"api"},"message":"Beginning execution of \"api\""}}
[debug] [2021-04-11T17:20:28.822Z] [runtime-status] [34188] triggerDefinition {"httpsTrigger":{},"name":"api","entryPoint":"api"} {"metadata":{"emulator":{"name":"functions"},"function":{"name":"api"},"message":"[runtime-status] [34188] triggerDefinition {\"httpsTrigger\":{},\"name\":\"api\",\"entryPoint\":\"api\"}"}}
[debug] [2021-04-11T17:20:28.823Z] [runtime-status] [34188] Running api in mode HTTPS {"metadata":{"emulator":{"name":"functions"},"function":{"name":"api"},"message":"[runtime-status] [34188] Running api in mode HTTPS"}}
[debug] [2021-04-11T17:20:28.826Z] [runtime-status] [34188] Attempting to listen to socketPath: \\?\pipe\G:\placement course\cn\cn web\react\amazon-clone\functions\34188 {"metadata":{"emulator":{"name":"functions"},"function":{"name":"api"},"message":"[runtime-status] [34188] Attempting to listen to socketPath: \\\\?\\pipe\\G:\\placement course\\cn\\cn web\\react\\amazon-clone\\functions\\34188"}}
[debug] [2021-04-11T17:20:28.829Z] [functions] Runtime ready! Sending request! {"metadata":{"emulator":{"name":"functions"},"message":"[functions] Runtime ready! Sending request!"}}
[debug] [2021-04-11T17:20:28.830Z] [functions] Got req.url=/clone-4ed77/us-central1/api/payments/create?total=119500, mapping to path=/payments/create?total=119500 {"metadata":{"emulator":{"name":"functions"},"message":"[functions] Got req.url=/clone-4ed77/us-central1/api/payments/create?total=119500, mapping to path=/payments/create?total=119500"}}
[debug] [2021-04-11T17:20:28.845Z] [runtime-status] [34188] Ephemeral server handling POST request {"metadata":{"emulator":{"name":"functions"},"function":{"name":"api"},"message":"[runtime-status] [34188] Ephemeral server handling POST request"}}
[info] >  Payment Request Recieved BOOM!!! for this amount >>>  119500 {"user":"Payment Request Recieved BOOM!!! for this amount >>>  119500","metadata":{"emulator":{"name":"functions"},"function":{"name":"api"},"message":"\u001b[90m> \u001b[39m Payment Request Recieved BOOM!!! for this amount >>>  119500"}}
[debug] [2021-04-11T17:20:28.858Z] [runtime-status] [34188] Ephemeral server survived. {"metadata":{"emulator":{"name":"functions"},"function":{"name":"api"},"message":"[runtime-status] [34188] Ephemeral server survived."}}
[info] i  functions: Finished "api" in ~1s {"metadata":{"emulator":{"name":"functions"},"function":{"name":"api"},"message":"Finished \"api\" in ~1s"}}
[debug] [2021-04-11T17:20:30.200Z] [worker-api-041acfa5-903f-4ddc-8e33-f01f81af85bc]: IDLE {"metadata":{"emulator":{"name":"functions"},"message":"[worker-api-041acfa5-903f-4ddc-8e33-f01f81af85bc]: IDLE"}}
[debug] [2021-04-11T17:20:30.201Z] [work-queue] {"queueLength":0,"workRunningCount":0}
